<?xml version="1.0" encoding="UTF-8"?>
<testng-results ignored="0" total="1" passed="1" failed="0" skipped="0">
  <reporter-output>
  </reporter-output>
  <suite started-at="2022-03-23T11:07:26 IST" name="Default suite" finished-at="2022-03-23T11:08:11 IST" duration-ms="45138">
    <groups>
    </groups>
    <test started-at="2022-03-23T11:07:26 IST" name="Default test" finished-at="2022-03-23T11:08:11 IST" duration-ms="45138">
      <class name="testCases.LoginTest">
        <test-method is-config="true" signature="driverInitialisation()[pri:0, instance:testCases.LoginTest@9255c05]" started-at="2022-03-23T11:07:21 IST" name="driverInitialisation" finished-at="2022-03-23T11:07:26 IST" duration-ms="4879" status="PASS">
          <reporter-output>
          </reporter-output>
        </test-method> <!-- driverInitialisation -->
        <test-method is-config="true" signature="launchAdminURL()[pri:0, instance:testCases.LoginTest@9255c05]" started-at="2022-03-23T11:07:26 IST" name="launchAdminURL" finished-at="2022-03-23T11:07:36 IST" duration-ms="10157" status="PASS">
          <reporter-output>
          </reporter-output>
        </test-method> <!-- launchAdminURL -->
        <test-method signature="testRun()[pri:0, instance:testCases.LoginTest@9255c05]" started-at="2022-03-23T11:07:36 IST" name="testRun" finished-at="2022-03-23T11:07:45 IST" duration-ms="8216" status="PASS">
          <reporter-output>
          </reporter-output>
        </test-method> <!-- testRun -->
        <test-method is-config="true" signature="launchTabFE()[pri:0, instance:testCases.LoginTest@9255c05]" started-at="2022-03-23T11:07:45 IST" name="launchTabFE" finished-at="2022-03-23T11:08:11 IST" duration-ms="26312" status="PASS">
          <reporter-output>
          </reporter-output>
        </test-method> <!-- launchTabFE -->
      </class> <!-- testCases.LoginTest -->
    </test> <!-- Default test -->
  </suite> <!-- Default suite -->
</testng-results>
